0.81084124 4.56028804 0.00000000
4.53116935 4.92895894 0.00000000
3.01110902 4.86102615 0.00000000
4.46867483 4.08334452 0.00000000
0.35305807 3.82007515 0.00000000
1.45941448 3.91649956 0.00000000
1.62438257 4.50758511 0.00000000
1.20718490 5.06969779 0.00000000
1.61822512 3.57976618 0.00000000
4.33413386 4.94854602 0.00000000
1.09155810 3.72767595 0.00000000
0.96114273 4.49798132 0.00000000
5.59636632 4.37023294 0.00000000
5.90444213 3.73702864 0.00000000
4.60589049 4.58393485 0.00000000
4.23745719 4.16507267 0.00000000
5.32035205 5.12618461 0.00000000
0.70992036 3.46679334 0.00000000
4.56645837 5.54503515 0.00000000
1.13478481 6.14098548 0.00000000
4.87251564 4.87274739 0.00000000
1.69902919 3.44611499 0.00000000
4.18661216 5.35534914 0.00000000
0.21846114 4.81087755 0.00000000
6.07876181 3.90692399 0.00000000
3.72390491 4.07638840 0.00000000
6.25951410 5.76163975 0.00000000
3.51473301 5.09314865 0.00000000
4.23907847 5.24044113 0.00000000
3.57168307 4.47188583 0.00000000
0.29650293 4.56859315 0.00000000
5.66544346 5.86527179 0.00000000
0.49418029 4.86945218 0.00000000
3.79418948 3.98471645 0.00000000
2.06021275 4.38948540 0.00000000
1.57262581 4.96414720 0.00000000
2.35492082 4.16669384 0.00000000
1.59273907 5.59626085 0.00000000
2.45360472 4.84373862 0.00000000
4.35554238 3.83384412 0.00000000
2.44029758 4.96632394 0.00000000
0.38465415 4.87630658 0.00000000
0.64723464 3.73831621 0.00000000
5.07705865 4.56375814 0.00000000
0.03422023 5.02155715 0.00000000
5.67806395 4.97134774 0.00000000
6.18799670 4.71012734 0.00000000
3.53298845 4.43425483 0.00000000
0.82868504 3.76691284 0.00000000
2.47733997 4.45536463 0.00000000
4.67457044 5.02981121 0.00000000
0.36231416 5.15071803 0.00000000
0.99129563 4.63460589 0.00000000
0.09820368 4.70757958 0.00000000
3.09010409 5.65812215 0.00000000
1.73652204 4.22714437 0.00000000
3.76612638 4.01928145 0.00000000
0.69969096 3.27110785 0.00000000
5.89512745 5.57793067 0.00000000
2.53475106 4.94826204 0.00000000
0.87946554 5.70179128 0.00000000
2.21807427 4.09720117 0.00000000
0.99938177 5.41739058 0.00000000
2.52827387 3.78319810 0.00000000
5.82811152 5.13391015 0.00000000
0.65741409 3.58505624 0.00000000
5.48071397 4.54276263 0.00000000
4.28371973 4.47890944 0.00000000
5.77180615 5.99461555 0.00000000
4.90242729 4.91512204 0.00000000
2.32516827 5.30590326 0.00000000
5.38788955 5.95114789 0.00000000
1.93711812 3.25074681 0.00000000
3.40089159 5.26879153 0.00000000
2.27066120 5.73057216 0.00000000
5.77904365 5.48391307 0.00000000
5.11498222 5.13313473 0.00000000
5.09835397 3.71785915 0.00000000
0.10818137 5.30114923 0.00000000
4.93398440 5.53124067 0.00000000
4.46773347 3.77295731 0.00000000
5.49055802 4.88599321 0.00000000
2.20082764 4.48661814 0.00000000
2.37613179 4.53210654 0.00000000
0.92985263 5.25896213 0.00000000
3.65268288 3.19394597 0.00000000
3.96306540 3.41521750 0.00000000
5.54994351 3.56359112 0.00000000
2.35535335 4.77613781 0.00000000
5.91238066 4.59561442 0.00000000
3.75662664 4.68649614 0.00000000
0.06975299 5.86790433 0.00000000
0.79779579 4.65501654 0.00000000
3.95855169 3.64724900 0.00000000
5.05200457 5.31688399 0.00000000
3.03339835 4.37614259 0.00000000
4.28607613 4.74578821 0.00000000
1.75062751 4.78740876 0.00000000
2.96617052 3.84406028 0.00000000
5.96182262 4.01618225 0.00000000
3.30652668 5.12133787 0.00000000
2.89431279 4.20961565 0.00000000
2.16449451 5.06490492 0.00000000
2.76061557 4.58814010 0.00000000
6.11565828 4.84131797 0.00000000
1.64649534 4.76537702 0.00000000
1.41267150 3.88174793 0.00000000
5.77737196 4.22948722 0.00000000
3.56377548 3.82085452 0.00000000
2.32389442 4.12611319 0.00000000
2.35469573 4.15663231 0.00000000
5.69216735 4.29130869 0.00000000
3.43725563 4.86794702 0.00000000
4.72315920 5.15007505 0.00000000
3.50343771 5.86715321 0.00000000
1.33822265 4.30351466 0.00000000
2.10010071 4.70108294 0.00000000
3.66895990 4.28961410 0.00000000
3.72037368 4.00477935 0.00000000
2.70769728 4.49775797 0.00000000
1.48264173 4.23380539 0.00000000
6.21981582 4.71743465 0.00000000
4.99275583 4.14519207 0.00000000
1.61855499 4.98179370 0.00000000
1.31216341 5.26540591 0.00000000
4.03378505 4.29192939 0.00000000
5.23273194 4.06953833 0.00000000
1.91252061 3.60334366 0.00000000
1.97808509 3.51189251 0.00000000
0.17386819 5.50440314 0.00000000
1.38389193 3.88223881 0.00000000
1.94352979 5.22814868 0.00000000
5.32837298 4.84599782 0.00000000
1.38378331 5.11940031 0.00000000
4.06287817 4.33474316 0.00000000
6.23894667 4.90990080 0.00000000
5.30658647 3.83075273 0.00000000
1.50559242 4.18658634 0.00000000
2.93073072 4.40550395 0.00000000
5.47923978 4.96890801 0.00000000
3.60780327 4.61948676 0.00000000
5.54808578 3.76694489 0.00000000
5.18660609 6.06630405 0.00000000
1.92687581 5.64585063 0.00000000
1.27679173 3.86777041 0.00000000
5.64006223 5.15581739 0.00000000
2.56369965 3.59606217 0.00000000
4.49449537 4.50470956 0.00000000
6.17622365 5.85103030 0.00000000
2.40571095 4.12751565 0.00000000
2.43200368 4.77815863 0.00000000
