40 1.326291618210427 1.333609773543057
2 1.4945037798266247 1.0216010238474176
69 1.5054471988872655 1.0026892735438047
28 1.5947697578272926 0.8523867755020011
22 1.5948577894339102 0.852241740554317
68 1.625793428003592 0.8015937476509918
50 1.6917090557289622 0.6955541026827787
33 1.7067167743202472 0.671720065285478
73 1.7074176394678404 0.6706095284196607
32 1.7191084533309404 0.6521171905655885
66 1.736446367481205 0.6247995083672402
31 1.7379921303116386 0.6223699744739348
100 1.7674421199304908 0.5762580067975436
57 1.7797584731774265 0.5570670523613173
43 1.850321617515143 0.44803768834255275
81 1.9775613508107266 0.25440357530285485
67 2.0263790190230604 0.18078337134401412
80 2.044796715806804 0.15307049049068233
13 2.141605472418718 0.007724278320225597
84 2.1467549799568832 0.043654682457105576
25 2.1467549799570342 0.044473815831658214
6 2.1467549799528025 0.0823159425687785
8 2.146754979950165 0.09321723998587617
83 2.146754979953221 0.17404955924113308
34 2.146754979953625 0.3641058462902791
55 2.1467549799524943 0.36460847947262387
41 2.146754979953424 0.4290834170831834
47 2.146754979953153 0.492196162427327
76 2.14675497995346 0.5247961937489585
46 2.146754979953585 0.5405017059544317
18 2.146754979953149 0.5693244971636497
35 2.1467549799531924 0.6853933979064775
65 2.1467549799529655 0.8192060898752818
11 2.1467549799529837 0.886731449798881
52 2.1467549799528847 0.969162160157909
94 2.1467549799532555 1.0469715353650004
58 2.1467549799529104 1.1525850424872734
15 2.1467549799530627 1.204567259566124
64 2.146754979953074 1.2292860258129412
92 2.1467549799529415 1.2605073579503063
42 2.1467549799528856 1.2656079263119029
85 2.1467549799528722 1.287446972940005
27 2.146754979952881 1.3165509705521243
59 2.1467549799530685 1.343292264489615
95 2.146754979953057 1.3937532911979424
56 2.1467549799530885 1.4566346585540906
70 2.1467549799529015 1.783060401386301
82 2.1467549799528314 1.8499327147926046
74 2.1467549799528025 1.92344646726196
4 2.1467549799533865 2.0465156262813444
97 2.1467549799528625 2.136100248631248
39 2.1467549799532017 2.369031625616635
48 2.146754979952681 2.423366101015531
14 2.1467549799529912 2.431514674701086
12 2.1467549799531636 2.5548013893844304
1 2.1467549799531027 2.571807395243869
29 2.146754979952953 2.591497576859921
20 2.146754979952526 2.6380003485017003
71 2.1467549799525374 2.759132321253891
19 2.146754979952957 2.8314720315989885
79 2.1467549799522883 2.835352346649457
49 2.1467549799530854 2.8549786551112115
26 2.146754979953539 2.8564728189065067
96 2.1467549799551886 3.064606726047434
3 2.146754979957218 3.1253174604255225
60 2.146754979956284 3.1950457350999235
87 2.1467549799514334 3.2321357848300907
77 2.1467549799542462 3.241833994526141
45 2.1467549799537404 3.245438148231061
53 2.146754979952817 3.280512603649751
16 2.14675497995373 3.3375752994100596
93 2.1467549799527945 3.3671647305729286
54 2.146754979954232 3.370854565458573
62 2.1467549799538466 3.383371135474397
72 2.1467549799530046 3.418685600883337
89 2.146754979951942 3.425251476358373
86 2.1467549799524694 3.516647703136476
63 2.146754979952938 3.6068151444131065
21 2.1467549799531205 3.6191985566169613
23 2.146754979953334 3.6979044593286474
5 2.1467549799529677 3.812883573656316
7 2.146754979953309 3.9507851139710155
61 2.1467549799532204 3.9610042853472387
9 2.146754979953349 3.976651521979176
17 2.1467549799528833 4.003286840803665
24 2.14675497995313 4.146999372470325
51 2.146754979953073 4.488886711889309
37 2.1467549799531827 4.549250233376105
98 2.146754979952836 4.645833178577104
91 2.1467549799531818 4.648290483647008
90 2.146754979953095 4.659763500878966
75 2.1467549799533283 4.699256301772223
38 2.146754979953009 4.7012000312417035
36 2.1467549799530308 4.7104888708897175
30 2.146754979953215 4.784574996390814
88 2.1467549799528114 4.801503078977602
10 2.1467549799530588 4.8834675664805935
44 2.1467549799530636 4.9792382050347115
99 2.1467549799528887 5.026342717877979
78 2.146754979952947 5.032037106156396
