53 0.38495698317993 0.3681821869497707
5 0.4002687165098285 0.31260649784688793
45 0.4213896586896668 0.2369176006687551
76 0.43390680894449296 0.19247709803930202
23 0.4886921905605499 0.07657486060573493
18 0.36045877791223857 0.4587142711851915
65 0.3521637230223097 0.489915188316403
41 0.31749421836146463 0.6242365558646108
56 0.2996984821140696 0.696309611099573
3 0.1807423500092187 1.3225746223890797
74 0.16648485519398912 1.4569769111074455
35 0.16312991261068235 1.4979978531245144
72 0.15796023964862796 1.5790290379035445
39 0.15749751824640207 1.5882660462023697
26 0.488692190558288 2.426396360894372
37 0.26152151379656063 2.507350518168872
28 0.48869219055872454 2.5956559019437484
59 0.48869219055902324 2.8926748348770315
42 0.48869219055839364 2.9158186930279815
44 0.4886921905585132 2.9192986705471453
24 5.669246528168638 3.3547636128963534
9 5.585053606382153 3.2994978026024118
48 5.585053606381819 3.44647824060553
8 5.767492861718889 3.628622730512831
21 5.790969029807713 3.703122073599987
29 5.58505360638194 3.789610189302691
70 5.855193895118543 3.9472023928365996
30 5.585053606381721 4.499120640022408
73 5.915445291034088 4.710635146350965
36 5.91495065779647 4.7196454001114
47 5.909808648163034 4.795620387963273
93 5.585053606381864 5.054351487505089
67 5.585053606381662 5.055189154078737
10 5.5850536063817735 5.232355344379926
46 5.585053606381791 5.4721092836193375
12 5.769095876335026 5.607185123886428
34 5.5850536063818295 5.713411559418075
61 5.708104366132939 5.843813755157488
94 5.685841912912852 5.92575266505257
83 5.615511463542436 6.176458725421558
80 4.444842686336191 6.242205932806671
20 4.486732033026816 6.094918760593136
13 4.509628331339688 6.013457387078947
86 4.433136300065931 5.983822073774615
64 4.433136300065554 5.568242779182489
2 4.433136300065499 5.44232976216461
4 4.433136300065446 5.2300265491652524
90 4.433136300065593 5.171777114249956
99 4.433136300065672 5.085042051761558
97 4.765902918571948 4.658312888420495
69 4.433136300065673 4.677780790673349
91 4.433136300065541 4.365119045153086
31 4.433136300065643 4.1515800104025296
11 4.433136300065457 4.150825141526548
95 4.433136300065808 4.035267672997993
43 4.433136300065649 3.8371327622429776
1 4.615464307421117 3.628281523814939
75 4.433136300065747 3.491449620115754
50 4.433136300065241 3.6475688073574783
7 4.433136300065665 3.736987034906676
19 3.3179599420056487 4.638296301324335
38 2.9845130209103496 4.325899600101965
98 2.984513020910094 4.102380132136208
84 3.173298500027144 3.6482584128116766
14 2.9845130209103448 3.6428675933445653
66 3.0984993831594134 3.433403384734412
52 3.0667332335054764 3.3496437651667885
77 1.779282685263139 3.226648288202578
63 1.745329251993259 3.2713315249519184
27 1.8130389951814325 3.3122508798981825
87 1.7453292519947003 3.687862836985574
49 1.7453292519942198 3.8825866405829945
58 1.7453292519941 3.874064298065553
89 1.9139159510060744 3.586868246188285
55 2.9845130209102684 4.690749229611654
96 2.9845130209104753 4.812295637585004
57 2.9845130209103776 4.892807399112153
32 2.984513020910357 5.00130956046714
51 3.250425762299045 5.230578204041935
54 3.2338142267631422 5.316547056817235
85 3.1728698469520427 5.589499879861652
22 3.172147578325024 5.5924715810138945
62 3.141088382758148 5.716460419240471
33 2.9845130209100437 5.812780327496046
81 3.0810897106455903 5.941069791127429
100 2.9845130209108657 6.013452757214463
15 2.9845130209100645 5.905467992171487
6 2.055319020525238 4.943851070042706
79 2.075950730389903 4.387869595708521
88 1.7453292519943642 4.40353948289669
16 1.7453292519942174 4.491534932567352
92 1.74532925199432 4.552752965095784
40 1.7453292519942876 4.5752721795061495
68 1.7453292519942416 4.6540724275716725
78 1.7453292519942145 4.8800508515920455
71 1.8612115359572412 5.8703913374453895
82 1.8531678113612373 5.899989041418626
25 1.7453292519940695 6.051251010895683
60 1.7453292519935588 6.174478002776671
17 1.7733870446307352 6.184886088595486
