12 0.0 0.0
95 0.22689280275948442 0.13962634015930236
59 0.3862674358638728 0.4188790204805881
68 0.453785605516943 0.2792526803216242
85 0.6806784082766115 0.4188790204805879
31 0.7815565049891435 0.2792526803216242
13 0.9075712110367766 0.5585053606386983
78 1.134464013795902 0.6981317007983459
4 1.3613568165553693 0.8377580409576941
58 1.550252962860094 0.837758040956573
81 1.5882496193144604 0.977384381117155
99 1.8151424220737775 1.1170107212765013
18 2.042035224833106 1.2566370614362707
5 2.268928027592444 1.3962634015957223
55 2.495820830351543 1.5358897417552209
63 2.588019285046464 1.8151424220745405
86 2.722713633111214 1.6755160819145294
66 2.9496064358701046 1.8151424220745405
40 3.0186040843847266 1.6755160819145285
100 3.1764992386294573 1.954768762234166
74 3.403392041388865 2.0943951023935243
36 3.5675713311472053 2.2340214425528337
8 3.630284844148446 2.2340214425523577
48 3.8571776469073464 2.3736477827122973
43 4.084070449666065 2.513274122871894
47 4.310963252425268 2.6529004630315924
28 4.537856055184015 2.792526803191281
60 4.764748857943671 2.932153143350946
69 4.991641660699393 3.071779483511779
23 5.218534463461512 3.211405823669872
70 5.4454272662215 3.351032163829735
83 5.672320068980271 3.490658503989041
49 5.899212871740121 3.6302848441482123
97 5.959777841393118 3.6302848441482123
24 6.126105674500377 3.7699111843080146
16 0.06981317008018273 3.9095375244673294
7 0.3874447385791093 3.490658503989041
25 0.5235987755982991 4.188790204786098
93 0.7504915783579147 4.32841654494567
54 0.9773843811168863 4.468042885105437
17 1.204277183876009 4.607669225265218
82 1.4311699866358139 4.747295565424009
15 1.6415380540485454 4.886921905584618
52 1.658062789394434 4.886921905584618
9 1.8849555921541943 5.026548245743545
62 2.111848394913665 5.166174585902717
84 2.338741197672736 5.305800926062019
87 2.792526803191296 5.585053606381459
53 3.0194196059497505 5.724679946542132
72 3.1514455561067796 5.7246799465408875
3 3.2463124087092847 5.864306286701069
20 3.4732052114692777 6.0039326268598625
10 3.7000980142298503 6.1435589670170785
1 3.926990025961517 1.3183762073154526e-06
41 4.153883619744632 0.13962634016250774
57 4.380776422505204 0.2792526803197255
22 4.607669225265199 0.41887902047851533
56 4.834562028024732 0.5585053606374553
29 5.061454830783186 0.6981317007981289
98 5.2883476335432205 0.8377580409565732
90 5.477243779846558 0.8377580409576941
44 5.515240436301747 0.9773843811175666
27 5.742133239060818 1.117010721276869
96 5.969026041820289 1.2566370614360416
37 0.13962634015908282 1.535889741755577
71 0.3665191429188879 1.675516081914368
91 0.5934119456780103 1.8151424220741492
14 0.8203047484369819 1.9547687622339165
2 1.0471975511965976 2.094395102393488
89 1.2113768409554801 2.2340214425523577
73 1.2740903539558213 2.2340214425528337
50 1.5009831567147136 2.373647782712257
61 1.7278759594741053 2.5132741228715716
32 1.6892481456881938 2.0943951023935243
77 2.146205816053263 1.954768762234166
76 2.408554367752983 2.932153143349851
67 2.635447170512971 3.0717794835097143
30 2.8623399732750894 3.2114058236678074
11 3.0892327760308125 3.35103216382864
94 3.3161255787904675 3.490658503988305
19 3.5430183815492144 3.630284844147994
51 3.769911184308417 3.7699111843076927
92 3.9968039870671364 3.909537524467289
39 5.1580657356643185 5.0265482457433155
64 5.3581608036229404 4.7472955654243645
34 5.585053606382039 4.886921905583863
79 5.811946409141377 5.0265482457433155
35 6.038839211900705 5.166174585903085
42 6.265732014660022 5.305800926062432
45 0.4363323129989946 5.585053606381241
6 0.66322511575812 5.724679946540888
75 1.3439035240354122 6.143558967020284
33 1.5707963267948966 0.0
21 1.797689129554381 0.1396263401593023
46 2.0245819323118397 0.279252680321624
26 2.251474735071508 0.4188790204805879
65 2.7052603405907987 0.6981317007983456
88 2.9321531433502654 0.837758040957695
38 3.159045946109357 0.9773843811171545
80 3.3859387488686736 1.1170107212765021
