1 0.0 0.0
32 0.20887775130096786 6.036794345794051
82 0.3695856402806956 5.934439579386856
36 0.5223164355123212 5.855695190755376
83 0.6708953142065567 5.789136936294369
7 0.8168054080536123 5.730343315862739
62 0.9608078920098759 5.677048358304727
57 1.1033551261375176 5.627906858423934
72 1.2447418782256956 5.582042859790339
73 1.3851728450325758 5.53884823926006
20 1.5247969715622745 5.497880424411321
42 1.6637265804150445 5.458805430971027
55 1.802048800914248 5.42136385769341
44 1.939832778685263 5.385349452454514
77 2.077134426777766 5.35059499759396
21 2.213999671410374 5.316962673880935
98 2.350466737219107 5.284337279989663
45 2.486567798053835 5.252621336828313
11 2.6223301960853074 5.22173147339327
54 2.757777359548586 5.19159570656476
80 2.8929295053464488 5.162151358575394
22 3.02780418498632 5.133343438417473
48 3.1624167144095776 5.105123366747138
39 3.296780516407774 5.077447959134167
3 3.4309073962738617 5.050278606363909
6 3.56480776580842 5.023580606970389
96 3.698490826890989 4.997322618730882
30 3.8319647230479603 4.97147620414313
18 3.9652366654426316 4.946015450808519
88 4.098313038211673 4.920916652125651
93 4.231199486997159 4.8961580368631195
16 4.363900993670043 4.871719538701367
64 4.496421939630878 4.8475825986553325
33 4.628766159577137 4.823729994726165
9 4.760936987259816 4.8001456942305865
67 4.892937294447508 4.776814725134044
26 5.024769524102921 4.7537230633530765
56 5.156435718569671 4.730857533581352
63 5.287937543440009 4.708205721575954
51 5.419276307635774 4.685755896206906
59 5.550452980157982 4.663496939841694
50 5.681468203859147 4.641418285870545
34 5.812322306539186 4.619509862345306
78 5.943015309602513 4.59776204087417
41 6.073546934473772 4.576165590010255
53 6.203916606916435 4.554711632511468
65 0.05093815219450448 4.533391605884866
24 0.18098102423900997 4.512197225736537
27 0.31085846116983706 4.491120451482144
5 0.44056871080449334 4.470153454023681
40 0.5701097184439634 4.4492885850352835
35 0.6994791200055991 4.428518347518649
84 0.8286742332565906 4.407835367334424
52 0.9576920470805361 4.387232365399074
47 1.0865292086708516 4.366702130268819
8 1.2151820085166514 4.346237490819879
85 1.3436463630127762 4.325831288751341
95 1.471917794491815 4.305476350597877
14 1.5999914084422953 4.285165458957448
43 1.7278618676110744 4.264891322587443
70 1.85552336265155 4.244646545018869
61 1.9829695789128405 4.224423591277416
4 2.110193658885139 4.204214752261851
60 2.237188159728732 4.184012106272039
75 2.363945005215934 4.163807477074615
13 2.4904554312771343 4.1435923878498
10 2.616709924199081 4.123358010168193
29 2.7426981503223695 4.10309510707655
76 2.8684088758662285 4.082793969111444
66 2.993829875216626 4.062444341884656
25 3.1189478256560816 4.042035343548792
2 3.2437481860683643 4.021555370082941
92 3.3682150565936873 4.000991985892389
19 3.492331015471858 3.9803317965590264
79 3.6160769284126264 3.9595602998094304
94 3.7394317245998048 3.938661709733486
86 3.8623721318981175 3.917618747904049
46 3.9848723617135686 3.8964123932354298
58 4.106903731193163 3.875021579957946
90 4.22843420665818 3.853422829733863
23 4.3494278469488155 3.8315897993021957
89 4.469844118122171 3.8094927185406693
81 4.589637040630933 3.787097684554807
71 4.7087541152700485 3.7643657639462096
69 4.82713495230498 3.741251835491015
38 4.944709495314337 3.717703075328121
74 5.061395680554156 3.693656940055262
91 5.17709629226884 3.6690384286828546
37 5.291694642897695 3.6437562819991403
97 5.405048484094425 3.6176975692246396
68 5.516981160011915 3.590719740665838
87 5.627268281006955 3.562638531685332
49 5.735616749569917 3.533208728315652
17 5.841629902565186 3.502091873329977
31 5.944745406880037 3.4687981451748695
99 6.04411390430223 3.4325716396609174
100 6.138329051057526 3.3921325981710524
28 6.224694963614914 3.3449707735674217
12 0.013188567407726559 3.2845642466258846
15 0.0 3.141592653589793
