71 0.1527109771940831 0.05629173998182463
79 0.49033598013606766 0.16060332180428133
41 0.8434626828100411 0.030740846402646738
5 1.356533087621014 0.20173751907990933
80 1.822647198462238 0.13218851199153958
59 2.101239701667398 0.13811096122073918
10 2.489089522073396 0.253946726977476
24 2.897829380454346 0.5120999459132243
8 2.85310761623606 0.7283857860987064
17 2.4472361896818855 1.0124639179383212
48 2.700755322081768 1.3490731889306016
1 2.9161518067386525 1.5908817332787137
16 3.1341390167633776 1.7665875697994693
31 3.360450112383021 2.0270322388096993
82 3.6745173948141723 1.758526908643276
39 3.848891113866083 1.7003847330997157
77 3.9223875109764585 1.8086602964923983
33 4.133980250355373 1.5791959406920126
42 4.311637293004832 1.1323836447712052
49 4.708429750535391 1.1442488079502073
21 4.653790552542698 1.0314390108517335
68 4.957376233250733 0.5826309565044889
56 5.2648156861267905 0.29987180639150424
69 5.334595170242158 0.27734291493880114
86 5.412271086820763 0.2907544662494974
51 5.125816071931606 0.06656318903821301
60 4.8781801212671 5.929667870661211
95 4.26894306096534 5.653237081246235
43 3.845433278634753 5.9776958337181
6 4.624731871447013 5.207618354327346
93 4.2157925133278376 5.08312456205109
57 3.7056637790857194 4.662891275372833
46 3.92159930078585 4.550581860385497
9 3.4272988016514363 4.100467227713136
32 3.4677983688750347 3.9724525980900047
83 3.29356769413215 3.8752340202714786
30 3.5452811616190925 3.6879481593912544
64 3.9438220279724394 3.530831881108577
55 4.145907046489404 3.4972705027763205
28 4.138628956311127 3.4186955877215555
38 4.196741058655451 3.168179735182004
62 4.11200442351829 2.980324369130958
99 3.7501176308424466 3.2066675552131496
96 3.5776709345056195 3.2701133531432793
44 3.3926163751673175 3.20933534396127
58 3.5952301566240705 2.5492747530591933
76 3.5818549585189356 2.4765215914113035
88 3.7663028625397117 2.222450375351565
7 3.8206089343633276 2.366690443960413
73 3.7988281513689075 2.4338414751851642
26 4.646649166915144 3.135857922598184
66 4.663063685497034 3.120829604214543
11 5.028439836682293 2.981336558577321
52 5.048497356566641 2.839755248914564
53 4.824840208839332 2.867330134941083
75 4.612965227006332 2.2240928739214576
34 5.147501995627338 1.7356700357928911
78 5.232465637788529 1.9299864081660836
19 5.288550157142016 1.955793155197206
20 5.294375219055867 1.9553678568545871
37 5.49652602396052 2.0052199170459737
45 5.798075141091419 2.3526004939117287
54 6.134916130445427 2.030397338792188
23 0.0018348700392547546 1.896795278261662
29 0.4761809186157948 1.4326331085097759
61 0.6680612309345336 1.6908244228030238
2 0.8907290196591373 1.633389209550963
98 1.1319970814836016 1.4194687164433695
81 1.3306906915653796 1.4331038160223943
22 1.5161467876536179 1.5128113316647895
25 1.6924368733010187 1.340636256559596
74 1.9822931453483 1.6361321984349395
72 1.4644796918186778 1.901376126197075
18 1.3240318151447914 1.9778860212683043
97 1.2508084100444536 2.09860790586675
12 0.8098154717440936 2.2269898751315766
90 0.8333668405397591 2.2979927095531814
13 0.8830843067566864 2.7892988117003905
65 1.2918835191089375 2.869234016631692
15 1.3044708838669168 2.893496641358135
4 1.2565622467072513 3.07366390469986
67 1.2961326278896028 3.1893980533267086
85 1.482419530533591 3.38618016798731
92 1.6161461896770342 3.88122534524402
14 1.1357143062448602 4.386423110131419
87 0.9607233280269327 4.865166285645865
84 0.7352117938016038 5.013391267783028
40 0.7506876933564619 4.785574889455512
35 0.6419814898205924 4.68612017636117
91 0.40389458211786966 4.620839534395056
70 0.4088095733705215 4.781876433750538
36 0.09163685682332456 5.046636789296811
63 0.1316679313860929 5.371097378466021
100 0.16897986652922903 5.788228816122419
27 0.596132962048196 5.590283728083045
50 1.0044893745524193 5.615770583787707
89 1.0914927750149033 5.544508702046212
94 1.970510425589964 5.270835730670411
47 2.6816146312936 5.346411820164257
3 2.7356386010661677 5.299991199420862
